<?xml version="1.0" encoding="UTF-8"?>
<testsuite name="BoardTest" tests="5" skipped="0" failures="0" errors="0" timestamp="2022-01-18T01:55:59" hostname="Raquels-Air.lan" time="0.355">
  <properties/>
  <testcase name="processKeyTest()" classname="BoardTest" time="0.326"/>
  <testcase name="assureApples()" classname="BoardTest" time="0.003"/>
  <testcase name="checkValues()" classname="BoardTest" time="0.003"/>
  <testcase name="assureRetrieve()" classname="BoardTest" time="0.002"/>
  <testcase name="assureWalls()" classname="BoardTest" time="0.004"/>
  <system-out><![CDATA[]]></system-out>
  <system-err><![CDATA[]]></system-err>
</testsuite>
