<?xml version="1.0" encoding="UTF-8"?>
<testsuite name="SnakeTest" tests="5" skipped="0" failures="0" errors="0" timestamp="2022-01-16T23:48:16" hostname="DESKTOP-80302KR" time="0.049">
  <properties/>
  <testcase name="testRight()" classname="SnakeTest" time="0.038"/>
  <testcase name="testDown()" classname="SnakeTest" time="0.001"/>
  <testcase name="testLeft()" classname="SnakeTest" time="0.002"/>
  <testcase name="testUp()" classname="SnakeTest" time="0.002"/>
  <testcase name="testIncrease()" classname="SnakeTest" time="0.002"/>
  <system-out><![CDATA[]]></system-out>
  <system-err><![CDATA[]]></system-err>
</testsuite>
