<?xml version="1.0" encoding="UTF-8"?>
<testsuite name="snaketest.BoardTest" tests="5" skipped="0" failures="0" errors="0" timestamp="2022-01-28T13:49:07" hostname="Raquels-Air.lan" time="0.44">
  <properties/>
  <testcase name="eatApple()" classname="snaketest.BoardTest" time="0.415"/>
  <testcase name="assureApples()" classname="snaketest.BoardTest" time="0.005"/>
  <testcase name="checkValues()" classname="snaketest.BoardTest" time="0.003"/>
  <testcase name="assureRetrieve()" classname="snaketest.BoardTest" time="0.004"/>
  <testcase name="assureWalls()" classname="snaketest.BoardTest" time="0.002"/>
  <system-out><![CDATA[]]></system-out>
  <system-err><![CDATA[]]></system-err>
</testsuite>
