<?xml version="1.0" encoding="UTF-8"?>
<testsuite name="PositionTest" tests="2" skipped="0" failures="0" errors="0" timestamp="2022-01-15T18:53:20" hostname="Raquels-Air.lan" time="0.003">
  <properties/>
  <testcase name="xGet()" classname="PositionTest" time="0.001"/>
  <testcase name="yGet()" classname="PositionTest" time="0.001"/>
  <system-out><![CDATA[]]></system-out>
  <system-err><![CDATA[]]></system-err>
</testsuite>
