<?xml version="1.0" encoding="UTF-8"?>
<testsuite name="BoardTest" tests="5" skipped="0" failures="0" errors="0" timestamp="2022-01-18T16:33:33" hostname="Raquels-MacBook-Air.local" time="0.362">
  <properties/>
  <testcase name="processKeyTest()" classname="BoardTest" time="0.332"/>
  <testcase name="assureApples()" classname="BoardTest" time="0.004"/>
  <testcase name="checkValues()" classname="BoardTest" time="0.006"/>
  <testcase name="assureRetrieve()" classname="BoardTest" time="0.003"/>
  <testcase name="assureWalls()" classname="BoardTest" time="0.003"/>
  <system-out><![CDATA[]]></system-out>
  <system-err><![CDATA[]]></system-err>
</testsuite>
