<?xml version="1.0" encoding="UTF-8"?>
<testsuite name="snaketest.PositionTest" tests="2" skipped="0" failures="0" errors="0" timestamp="2022-01-28T13:49:08" hostname="Raquels-Air.lan" time="0.003">
  <properties/>
  <testcase name="xGet()" classname="snaketest.PositionTest" time="0.002"/>
  <testcase name="yGet()" classname="snaketest.PositionTest" time="0.001"/>
  <system-out><![CDATA[]]></system-out>
  <system-err><![CDATA[]]></system-err>
</testsuite>
