<?xml version="1.0" encoding="UTF-8"?>
<testsuite name="PositionTest" tests="2" skipped="0" failures="0" errors="0" timestamp="2022-01-18T11:33:59" hostname="Raquels-MacBook-Air.local" time="0.007">
  <properties/>
  <testcase name="xGet()" classname="PositionTest" time="0.002"/>
  <testcase name="yGet()" classname="PositionTest" time="0.003"/>
  <system-out><![CDATA[]]></system-out>
  <system-err><![CDATA[]]></system-err>
</testsuite>
