<?xml version="1.0" encoding="UTF-8"?>
<testsuite name="snaketest.MenuTest" tests="1" skipped="0" failures="0" errors="0" timestamp="2022-01-28T13:49:08" hostname="Raquels-Air.lan" time="0.685">
  <properties/>
  <testcase name="checkValues()" classname="snaketest.MenuTest" time="0.685"/>
  <system-out><![CDATA[]]></system-out>
  <system-err><![CDATA[]]></system-err>
</testsuite>
