<?xml version="1.0" encoding="UTF-8"?>
<testsuite name="SnakeTest" tests="4" skipped="0" failures="0" errors="0" timestamp="2022-01-15T18:53:20" hostname="Raquels-Air.lan" time="0.036">
  <properties/>
  <testcase name="testRight()" classname="SnakeTest" time="0.028"/>
  <testcase name="testDown()" classname="SnakeTest" time="0.002"/>
  <testcase name="testLeft()" classname="SnakeTest" time="0.002"/>
  <testcase name="testUp()" classname="SnakeTest" time="0.001"/>
  <system-out><![CDATA[]]></system-out>
  <system-err><![CDATA[]]></system-err>
</testsuite>
