<?xml version="1.0" encoding="UTF-8"?>
<testsuite name="SnakeTest" tests="5" skipped="0" failures="0" errors="0" timestamp="2022-01-18T16:33:33" hostname="Raquels-MacBook-Air.local" time="0.011">
  <properties/>
  <testcase name="testRight()" classname="SnakeTest" time="0.002"/>
  <testcase name="testDown()" classname="SnakeTest" time="0.001"/>
  <testcase name="testLeft()" classname="SnakeTest" time="0.001"/>
  <testcase name="testUp()" classname="SnakeTest" time="0.001"/>
  <testcase name="testIncrease()" classname="SnakeTest" time="0.001"/>
  <system-out><![CDATA[]]></system-out>
  <system-err><![CDATA[]]></system-err>
</testsuite>
