<?xml version="1.0" encoding="UTF-8"?>
<testsuite name="PositionTest" tests="2" skipped="0" failures="0" errors="0" timestamp="2022-01-17T17:07:37" hostname="DESKTOP-6FD9976" time="0.024">
  <properties/>
  <testcase name="xGet()" classname="PositionTest" time="0.023"/>
  <testcase name="yGet()" classname="PositionTest" time="0.001"/>
  <system-out><![CDATA[]]></system-out>
  <system-err><![CDATA[]]></system-err>
</testsuite>
