<?xml version="1.0" encoding="UTF-8"?>
<testsuite name="MenuTest" tests="1" skipped="0" failures="0" errors="0" timestamp="2022-01-18T16:33:33" hostname="Raquels-MacBook-Air.local" time="0.456">
  <properties/>
  <testcase name="checkValues()" classname="MenuTest" time="0.456"/>
  <system-out><![CDATA[]]></system-out>
  <system-err><![CDATA[]]></system-err>
</testsuite>
